\BOOKMARK [1][-]{section.1}{Idetools invocation}{}% 1
\BOOKMARK [2][-]{subsection.1.1}{Specifying the location of the query}{section.1}% 2
\BOOKMARK [2][-]{subsection.1.2}{Definitions}{section.1}% 3
\BOOKMARK [2][-]{subsection.1.3}{Suggestions}{section.1}% 4
\BOOKMARK [2][-]{subsection.1.4}{Invocation context}{section.1}% 5
\BOOKMARK [2][-]{subsection.1.5}{Symbol usages}{section.1}% 6
\BOOKMARK [2][-]{subsection.1.6}{Expression evaluation}{section.1}% 7
\BOOKMARK [1][-]{section.2}{Compiler as a service \(CAAS\)}{}% 8
\BOOKMARK [1][-]{section.3}{Parsing idetools output}{}% 9
\BOOKMARK [2][-]{subsection.3.1}{skConst}{section.3}% 10
\BOOKMARK [2][-]{subsection.3.2}{skEnumField}{section.3}% 11
\BOOKMARK [2][-]{subsection.3.3}{skForVar}{section.3}% 12
\BOOKMARK [2][-]{subsection.3.4}{skIterator, skClosureIterator}{section.3}% 13
\BOOKMARK [2][-]{subsection.3.5}{skLabel}{section.3}% 14
\BOOKMARK [2][-]{subsection.3.6}{skLet}{section.3}% 15
\BOOKMARK [2][-]{subsection.3.7}{skMacro}{section.3}% 16
\BOOKMARK [2][-]{subsection.3.8}{skMethod}{section.3}% 17
\BOOKMARK [2][-]{subsection.3.9}{skParam}{section.3}% 18
\BOOKMARK [2][-]{subsection.3.10}{skProc}{section.3}% 19
\BOOKMARK [2][-]{subsection.3.11}{skResult}{section.3}% 20
\BOOKMARK [2][-]{subsection.3.12}{skTemplate}{section.3}% 21
\BOOKMARK [2][-]{subsection.3.13}{skType}{section.3}% 22
\BOOKMARK [2][-]{subsection.3.14}{skVar}{section.3}% 23
\BOOKMARK [1][-]{section.4}{Test suite}{}% 24
\BOOKMARK [2][-]{subsection.4.1}{Running the test suite}{section.4}% 25
\BOOKMARK [2][-]{subsection.4.2}{Test case file format}{section.4}% 26
